0 info it worked if it ends with ok
1 verbose cli [ '/usr/local/bin/node',
1 verbose cli   '/usr/local/bin/npm',
1 verbose cli   'install',
1 verbose cli   '-g',
1 verbose cli   'bower' ]
2 info using npm@3.10.10
3 info using node@v6.14.4
4 silly loadCurrentTree Starting
5 silly install loadCurrentTree
6 silly install readGlobalPackageData
7 silly fetchPackageMetaData bower
8 silly fetchNamedPackageData bower
9 silly mapToRegistry name bower
10 silly mapToRegistry using default registry
11 silly mapToRegistry registry https://registry.npmjs.org/
12 silly mapToRegistry data Result {
12 silly mapToRegistry   raw: 'bower',
12 silly mapToRegistry   scope: null,
12 silly mapToRegistry   escapedName: 'bower',
12 silly mapToRegistry   name: 'bower',
12 silly mapToRegistry   rawSpec: '',
12 silly mapToRegistry   spec: 'latest',
12 silly mapToRegistry   type: 'tag' }
13 silly mapToRegistry uri https://registry.npmjs.org/bower
14 verbose request uri https://registry.npmjs.org/bower
15 verbose request no auth needed
16 info attempt registry request try #1 at 3:00:24 PM
17 verbose request id 2dd623484c0a1270
18 verbose etag W/"7b4616c161f359885710856daedd7ad6"
19 verbose lastModified Fri, 03 Aug 2018 00:37:14 GMT
20 http request GET https://registry.npmjs.org/bower
21 http 304 https://registry.npmjs.org/bower
22 verbose headers { date: 'Tue, 16 Oct 2018 14:00:24 GMT',
22 verbose headers   connection: 'keep-alive',
22 verbose headers   'set-cookie': [ '__cfduid=d357c2665f7b18fb29db7b516668f85041539698424; expires=Wed, 16-Oct-19 14:00:24 GMT; path=/; domain=.registry.npmjs.org; HttpOnly' ],
22 verbose headers   'cf-cache-status': 'HIT',
22 verbose headers   'cache-control': 'max-age=300',
22 verbose headers   'cf-ray': '46ab0d2f8a25624e-LIS',
22 verbose headers   etag: '"7b4616c161f359885710856daedd7ad6"',
22 verbose headers   'expect-ct': 'max-age=604800, report-uri="https://report-uri.cloudflare.com/cdn-cgi/beacon/expect-ct"',
22 verbose headers   'last-modified': 'Fri, 03 Aug 2018 00:37:14 GMT',
22 verbose headers   vary: 'accept-encoding, accept',
22 verbose headers   server: 'cloudflare' }
23 silly get cb [ 304,
23 silly get   { date: 'Tue, 16 Oct 2018 14:00:24 GMT',
23 silly get     connection: 'keep-alive',
23 silly get     'set-cookie': [ '__cfduid=d357c2665f7b18fb29db7b516668f85041539698424; expires=Wed, 16-Oct-19 14:00:24 GMT; path=/; domain=.registry.npmjs.org; HttpOnly' ],
23 silly get     'cf-cache-status': 'HIT',
23 silly get     'cache-control': 'max-age=300',
23 silly get     'cf-ray': '46ab0d2f8a25624e-LIS',
23 silly get     etag: '"7b4616c161f359885710856daedd7ad6"',
23 silly get     'expect-ct': 'max-age=604800, report-uri="https://report-uri.cloudflare.com/cdn-cgi/beacon/expect-ct"',
23 silly get     'last-modified': 'Fri, 03 Aug 2018 00:37:14 GMT',
23 silly get     vary: 'accept-encoding, accept',
23 silly get     server: 'cloudflare' } ]
24 verbose etag https://registry.npmjs.org/bower from cache
25 verbose get saving bower to /home/crossing-tiago/.npm/registry.npmjs.org/bower/.cache.json
26 verbose correctMkdir /home/crossing-tiago/.npm correctMkdir not in flight; initializing
27 silly install normalizeTree
28 silly loadCurrentTree Finishing
29 silly loadIdealTree Starting
30 silly install loadIdealTree
31 silly cloneCurrentTree Starting
32 silly install cloneCurrentTreeToIdealTree
33 silly cloneCurrentTree Finishing
34 silly loadShrinkwrap Starting
35 silly install loadShrinkwrap
36 silly loadShrinkwrap Finishing
37 silly loadAllDepsIntoIdealTree Starting
38 silly install loadAllDepsIntoIdealTree
39 silly resolveWithNewModule bower@1.8.4 checking installable status
40 silly cache add args [ 'bower', null ]
41 verbose cache add spec bower
42 silly cache add parsed spec Result {
42 silly cache add   raw: 'bower',
42 silly cache add   scope: null,
42 silly cache add   escapedName: 'bower',
42 silly cache add   name: 'bower',
42 silly cache add   rawSpec: '',
42 silly cache add   spec: 'latest',
42 silly cache add   type: 'tag' }
43 silly addNamed bower@latest
44 verbose addNamed "latest" is being treated as a dist-tag for bower
45 info addNameTag [ 'bower', 'latest' ]
46 silly mapToRegistry name bower
47 silly mapToRegistry using default registry
48 silly mapToRegistry registry https://registry.npmjs.org/
49 silly mapToRegistry data Result {
49 silly mapToRegistry   raw: 'bower',
49 silly mapToRegistry   scope: null,
49 silly mapToRegistry   escapedName: 'bower',
49 silly mapToRegistry   name: 'bower',
49 silly mapToRegistry   rawSpec: '',
49 silly mapToRegistry   spec: 'latest',
49 silly mapToRegistry   type: 'tag' }
50 silly mapToRegistry uri https://registry.npmjs.org/bower
51 verbose addNameTag registry:https://registry.npmjs.org/bower not in flight; fetching
52 verbose get https://registry.npmjs.org/bower not expired, no request
53 silly addNameTag next cb for bower with tag latest
54 silly addNamed bower@1.8.4
55 verbose addNamed "1.8.4" is a plain semver version for bower
56 warn deprecated bower@1.8.4: We don't recommend using Bower for new projects. Please consider Yarn and Webpack or Parcel. You can read how to migrate legacy project here: https://bower.io/blog/2017/how-to-migrate-away-from-bower/
57 silly cache afterAdd bower@1.8.4
58 verbose afterAdd /home/crossing-tiago/.npm/bower/1.8.4/package/package.json not in flight; writing
59 verbose correctMkdir /home/crossing-tiago/.npm correctMkdir not in flight; initializing
60 verbose afterAdd /home/crossing-tiago/.npm/bower/1.8.4/package/package.json written
61 silly loadAllDepsIntoIdealTree Finishing
62 silly loadIdealTree Finishing
63 silly currentTree lib
63 silly currentTree └── bower@1.8.4
64 silly idealTree lib
64 silly idealTree └── bower@1.8.4
65 silly generateActionsToTake Starting
66 silly install generateActionsToTake
67 warn checkPermissions Missing write access to /usr/local/lib/node_modules/bower
68 warn checkPermissions Missing write access to /usr/local/lib/node_modules
69 silly rollbackFailedOptional Starting
70 silly rollbackFailedOptional Finishing
71 silly runTopLevelLifecycles Finishing
72 silly install printInstalled
73 verbose stack Error: EACCES: permission denied, access '/usr/local/lib/node_modules/bower'
73 verbose stack     at Error (native)
74 verbose cwd /home/crossing-tiago/Downloads/pastaTestLogins/loginJWT/Angular
75 error Linux 4.15.0-29deepin-generic
76 error argv "/usr/local/bin/node" "/usr/local/bin/npm" "install" "-g" "bower"
77 error node v6.14.4
78 error npm  v3.10.10
79 error path /usr/local/lib/node_modules/bower
80 error code EACCES
81 error errno -13
82 error syscall access
83 error Error: EACCES: permission denied, access '/usr/local/lib/node_modules/bower'
83 error     at Error (native)
83 error  { Error: EACCES: permission denied, access '/usr/local/lib/node_modules/bower'
83 error     at Error (native)
83 error   errno: -13,
83 error   code: 'EACCES',
83 error   syscall: 'access',
83 error   path: '/usr/local/lib/node_modules/bower' }
84 error Please try running this command again as root/Administrator.
85 verbose exit [ -13, true ]
